[INFO] 2024-08-02 17:08:09,730 - run.py - None
[INFO] 2024-08-02 17:08:09,827 - run.py - 没有好友在线
[INFO] 2024-08-02 17:08:09,919 - run.py - {'40074': {'next_date': '2024-08-02 17:08:16', 'next_time': '1722589696', 'userid': '40074'}}
[INFO] 2024-08-02 17:08:17,800 - run.py - None
[INFO] 2024-08-02 17:08:18,176 - run.py - 有好友在线
[INFO] 2024-08-02 17:08:18,276 - run.py - {'40074': {'next_date': '2024-08-02 17:08:25', 'next_time': '1722589705', 'userid': '40074'}}
[INFO] 2024-08-02 17:11:26,466 - run.py - None
[INFO] 2024-08-02 17:11:26,584 - run.py - 没有好友在线
[INFO] 2024-08-02 17:11:26,673 - run.py - {'40074': {'next_date': '2024-08-02 17:11:32', 'next_time': '1722589892', 'userid': '40074'}}
[INFO] 2024-08-02 17:11:33,646 - run.py - None
[INFO] 2024-08-02 17:11:33,751 - run.py - 有好友在线
[INFO] 2024-08-02 17:11:33,879 - run.py - {'40074': {'next_date': '2024-08-02 17:11:41', 'next_time': '1722589901', 'userid': '40074'}}
[INFO] 2024-08-02 17:12:45,322 - run.py - None
[INFO] 2024-08-02 17:12:45,430 - run.py - 没有好友在线
[INFO] 2024-08-02 17:12:45,532 - run.py - {'40074': {'next_date': '2024-08-02 17:12:51', 'next_time': '1722589971', 'userid': '40074'}}
[INFO] 2024-08-02 17:12:52,325 - run.py - None
[INFO] 2024-08-02 17:12:52,414 - run.py - 没有好友在线
[INFO] 2024-08-02 17:12:52,503 - run.py - {'40074': {'next_date': '2024-08-02 17:12:59', 'next_time': '1722589979', 'userid': '40074'}}
[INFO] 2024-08-02 17:15:53,005 - run.py:41 - None
[INFO] 2024-08-02 17:15:53,104 - run.py:59 - 没有好友在线
[INFO] 2024-08-02 17:15:53,206 - run.py:77 - {'40074': {'next_date': '2024-08-02 17:16:02', 'next_time': '1722590162', 'userid': '40074'}}
[INFO] 2024-08-02 17:16:36,431 - run.py:58 - 没有好友在线
[INFO] 2024-08-02 17:16:36,519 - run.py:76 - {'40074': {'next_date': '2024-08-02 17:16:45', 'next_time': '1722590205', 'userid': '40074'}}
[INFO] 2024-08-02 17:16:46,392 - run.py:58 - 没有好友在线
[INFO] 2024-08-02 17:16:46,491 - run.py:76 - {'40074': {'next_date': '2024-08-02 17:16:55', 'next_time': '1722590215', 'userid': '40074'}}
[INFO] 2024-08-02 17:16:57,112 - run.py:58 - 没有好友在线
[INFO] 2024-08-02 17:16:57,259 - run.py:76 - {'40074': {'next_date': '2024-08-02 17:17:02', 'next_time': '1722590222', 'userid': '40074'}}
[INFO] 2024-08-02 17:17:03,161 - run.py:58 - 没有好友在线
[INFO] 2024-08-02 17:17:03,256 - run.py:76 - {'40074': {'next_date': '2024-08-02 17:17:12', 'next_time': '1722590232', 'userid': '40074'}}
[INFO] 2024-08-02 17:17:13,245 - run.py:58 - 没有好友在线
[INFO] 2024-08-02 17:17:13,344 - run.py:76 - {'40074': {'boomid': '40075', 'next_date': '2024-08-02 17:17:20', 'next_time': '1722590240', 'userid': '40074'}, '40075': {'boomid': '40074', 'point': '21', 'speed': '0', 'state': '1', 'userid': '40075'}}
[INFO] 2024-08-02 17:17:21,408 - run.py:58 - 没有好友在线
[INFO] 2024-08-02 17:18:24,497 - run.py:58 - 没有好友在线
[INFO] 2024-08-02 17:18:24,594 - run.py:76 - {'40074': {'boomid': '40075', 'next_date': '2024-08-02 17:18:29', 'next_time': '1722590309', 'userid': '40074'}, '40075': {'boomid': '40074', 'point': '21', 'speed': '0', 'state': '1', 'userid': '40075'}}
[INFO] 2024-08-02 17:20:10,718 - run.py:50 - 有好友在线
[INFO] 2024-08-02 17:20:10,719 - run.py:52 - 有好友应答
[INFO] 2024-08-02 17:20:10,720 - run.py:54 - 开局14000
[INFO] 2024-08-02 17:20:13,193 - run.py:76 - {'40074': {'boomid': '40075', 'next_date': '2024-08-02 17:20:18', 'next_time': '1722590418', 'point': '21', 'userid': '40074'}, '40075': {'boomid': '40074', 'next_date': '2024-08-02 17:19:23', 'next_time': '1722590363', 'point': '21', 'speed': '0', 'state': '1', 'userid': '40075'}}
[INFO] 2024-08-02 17:20:19,425 - run.py:76 - {'40074': {'boomid': '40075', 'next_date': '2024-08-02 17:20:24', 'next_time': '1722590424', 'point': '21', 'userid': '40074'}, '40075': {'boomid': '40074', 'next_date': '2024-08-02 17:19:23', 'next_time': '1722590363', 'point': '21', 'speed': '0', 'state': '1', 'userid': '40075'}}
[INFO] 2024-08-02 17:25:45,851 - run.py:76 - {'40074': {'boomid': '40075', 'next_date': '2024-08-02 17:25:54', 'next_time': '1722590754', 'userid': '40074'}, '40075': {'boomid': '40074', 'next_date': '2024-08-02 17:19:23', 'next_time': '1722590363', 'point': '21', 'speed': '0', 'state': '1', 'userid': '40075'}}
[INFO] 2024-08-02 17:25:56,488 - run.py:76 - {'40074': {'boomid': '40075', 'next_date': '2024-08-02 17:26:01', 'next_time': '1722590761', 'userid': '40074'}, '40075': {'boomid': '40074', 'next_date': '2024-08-02 17:19:23', 'next_time': '1722590363', 'point': '21', 'speed': '0', 'state': '1', 'userid': '40075'}}
[INFO] 2024-08-02 17:26:03,738 - run.py:76 - {'40074': {'boomid': '40075', 'next_date': '2024-08-02 17:26:08', 'next_time': '1722590768', 'userid': '40074'}, '40075': {'boomid': '40074', 'next_date': '2024-08-02 17:19:23', 'next_time': '1722590363', 'point': '21', 'speed': '0', 'state': '1', 'userid': '40075'}}
[INFO] 2024-08-02 17:26:09,992 - run.py:76 - {'40074': {'boomid': '40075', 'next_date': '2024-08-02 17:26:17', 'next_time': '1722590777', 'userid': '40074'}, '40075': {'boomid': '40074', 'next_date': '2024-08-02 17:19:23', 'next_time': '1722590363', 'point': '21', 'speed': '0', 'state': '1', 'userid': '40075'}, '40719': {'next_date': '2024-08-02 17:26:13', 'next_time': '1722590773', 'point': '0', 'userid': '40719'}}
[INFO] 2024-08-02 17:30:44,651 - run.py:72 - 寻找需要帮助的好友
[INFO] 2024-08-02 17:30:44,744 - run.py:80 - {'40074': {'boomid': '40075', 'next_date': '2024-08-02 17:30:50', 'next_time': '1722591050', 'userid': '40074'}, '40075': {'boomid': '40074', 'next_date': '2024-08-02 17:19:23', 'next_time': '1722590363', 'point': '21', 'speed': '0', 'state': '1', 'userid': '40075'}, '40719': {'next_date': '2024-08-02 17:26:13', 'next_time': '1722590773', 'point': '0', 'userid': '40719'}}
[INFO] 2024-08-02 17:30:51,903 - run.py:61 - 开始帮助好友40075
[INFO] 2024-08-02 17:31:55,380 - run.py:50 - 有好友在线
[INFO] 2024-08-02 17:31:55,381 - run.py:52 - 有好友应答
[INFO] 2024-08-02 17:31:55,382 - run.py:54 - 开局13000
[INFO] 2024-08-02 17:31:58,939 - run.py:73 - 寻找需要帮助的好友
[INFO] 2024-08-02 17:31:59,052 - run.py:81 - {'40074': {'boomid': '40075', 'next_date': '2024-08-02 17:32:03', 'next_time': '1722591123', 'userid': '40074'}, '40075': {'boomid': '40074', 'next_date': '2024-08-02 17:19:23', 'next_time': '1722590363', 'point': '21', 'speed': '0', 'state': '1', 'userid': '40075'}, '40719': {'next_date': '2024-08-02 17:31:07', 'next_time': '1722591067', 'point': '0', 'userid': '40719'}}
[INFO] 2024-08-02 17:38:22,702 - run.py:58 - 没有好友在线
[INFO] 2024-08-02 17:38:22,703 - run.py:73 - 寻找需要帮助的好友
[INFO] 2024-08-02 17:38:22,810 - run.py:81 - {'40074': {'boomid': '40075', 'next_date': '2024-08-02 17:38:31', 'next_time': '1722591511', 'userid': '40074'}, '40075': {'boomid': '40074', 'next_date': '2024-08-02 17:19:23', 'next_time': '1722590363', 'point': '21', 'speed': '0', 'state': '1', 'userid': '40075'}, '40719': {'next_date': '2024-08-02 17:31:07', 'next_time': '1722591067', 'point': '0', 'userid': '40719'}}
[INFO] 2024-08-02 17:38:33,875 - run.py:58 - 没有好友在线
[INFO] 2024-08-02 17:38:33,875 - run.py:61 - 开始帮助好友40075
[INFO] 2024-08-02 17:38:33,968 - run.py:81 - {'40074': {'boomid': '40075', 'next_date': '2024-08-02 17:38:38', 'next_time': '1722591518', 'userid': '40074'}, '40075': {'boomid': '40074', 'next_date': '2024-08-02 17:19:23', 'next_time': '1722590363', 'point': '21', 'speed': '0', 'state': '1', 'userid': '40075'}, '40719': {'next_date': '2024-08-02 17:31:07', 'next_time': '1722591067', 'point': '0', 'userid': '40719'}}
[INFO] 2024-08-02 17:38:40,156 - run.py:58 - 没有好友在线
[INFO] 2024-08-02 17:38:40,156 - run.py:61 - 开始帮助好友40075
[INFO] 2024-08-02 17:38:40,545 - run.py:81 - {'40074': {'boomid': '40075', 'next_date': '2024-08-02 17:38:48', 'next_time': '1722591528', 'userid': '40074'}, '40075': {'boomid': '40074', 'next_date': '2024-08-02 17:19:23', 'next_time': '1722590363', 'point': '21', 'speed': '0', 'state': '1', 'userid': '40075'}, '40719': {'next_date': '2024-08-02 17:31:07', 'next_time': '1722591067', 'point': '0', 'userid': '40719'}}
[INFO] 2024-08-02 17:38:49,505 - run.py:58 - 没有好友在线
[INFO] 2024-08-02 17:38:49,506 - run.py:61 - 开始帮助好友40075
[INFO] 2024-08-02 17:38:49,887 - run.py:81 - {'40074': {'boomid': '40075', 'next_date': '2024-08-02 17:38:56', 'next_time': '1722591536', 'userid': '40074'}, '40075': {'boomid': '40074', 'next_date': '2024-08-02 17:19:23', 'next_time': '1722590363', 'point': '21', 'speed': '0', 'state': '1', 'userid': '40075'}, '40719': {'next_date': '2024-08-02 17:31:07', 'next_time': '1722591067', 'point': '0', 'userid': '40719'}}
